<?xml version="1.0" encoding="UTF-8"?>
<coverage generated="1752008627">
  <project timestamp="1752008627" name="Clover Coverage">
    <file name="/home/runner/work/saloon-utils/saloon-utils/src/Logger/Contracts/ConditionallyIgnoreLogs.php">
      <metrics loc="14" ncloc="11" classes="0" methods="0" coveredmethods="0" conditionals="0" coveredconditionals="0" statements="0" coveredstatements="0" elements="0" coveredelements="0"/>
    </file>
    <file name="/home/runner/work/saloon-utils/saloon-utils/src/Logger/Contracts/DoNotLogRequest.php">
      <metrics loc="9" ncloc="6" classes="0" methods="0" coveredmethods="0" conditionals="0" coveredconditionals="0" statements="0" coveredstatements="0" elements="0" coveredelements="0"/>
    </file>
    <file name="/home/runner/work/saloon-utils/saloon-utils/src/Logger/Contracts/Logger.php">
      <metrics loc="26" ncloc="18" classes="0" methods="0" coveredmethods="0" conditionals="0" coveredconditionals="0" statements="0" coveredstatements="0" elements="0" coveredelements="0"/>
    </file>
    <file name="/home/runner/work/saloon-utils/saloon-utils/src/Logger/Contracts/ProvidesLogger.php">
      <metrics loc="12" ncloc="9" classes="0" methods="0" coveredmethods="0" conditionals="0" coveredconditionals="0" statements="0" coveredstatements="0" elements="0" coveredelements="0"/>
    </file>
    <package name="HappyDemon\SaloonUtils\Logger">
      <file name="/home/runner/work/saloon-utils/saloon-utils/src/Logger/DatabaseLogger.php">
        <class name="HappyDemon\SaloonUtils\Logger\DatabaseLogger" namespace="HappyDemon\SaloonUtils\Logger">
          <metrics complexity="3" methods="3" coveredmethods="2" conditionals="0" coveredconditionals="0" statements="27" coveredstatements="15" elements="30" coveredelements="17"/>
        </class>
        <line num="13" type="method" name="create" visibility="public" complexity="1" crap="1" count="2"/>
        <line num="15" type="stmt" count="2"/>
        <line num="16" type="stmt" count="2"/>
        <line num="17" type="stmt" count="2"/>
        <line num="18" type="stmt" count="2"/>
        <line num="19" type="stmt" count="2"/>
        <line num="20" type="stmt" count="2"/>
        <line num="21" type="stmt" count="2"/>
        <line num="23" type="stmt" count="2"/>
        <line num="29" type="method" name="updateWithResponse" visibility="public" complexity="1" crap="1" count="2"/>
        <line num="31" type="stmt" count="2"/>
        <line num="32" type="stmt" count="2"/>
        <line num="33" type="stmt" count="2"/>
        <line num="34" type="stmt" count="2"/>
        <line num="35" type="stmt" count="2"/>
        <line num="36" type="stmt" count="2"/>
        <line num="38" type="stmt" count="2"/>
        <line num="44" type="method" name="updateWithFatalError" visibility="public" complexity="1" crap="2" count="0"/>
        <line num="46" type="stmt" count="0"/>
        <line num="47" type="stmt" count="0"/>
        <line num="48" type="stmt" count="0"/>
        <line num="49" type="stmt" count="0"/>
        <line num="50" type="stmt" count="0"/>
        <line num="51" type="stmt" count="0"/>
        <line num="52" type="stmt" count="0"/>
        <line num="53" type="stmt" count="0"/>
        <line num="54" type="stmt" count="0"/>
        <line num="55" type="stmt" count="0"/>
        <line num="56" type="stmt" count="0"/>
        <line num="58" type="stmt" count="0"/>
        <metrics loc="61" ncloc="55" classes="1" methods="3" coveredmethods="2" conditionals="0" coveredconditionals="0" statements="27" coveredstatements="15" elements="30" coveredelements="17"/>
      </file>
      <file name="/home/runner/work/saloon-utils/saloon-utils/src/Logger/LoggerPlugin.php">
        <class name="HappyDemon\SaloonUtils\Logger\LoggerPlugin" namespace="HappyDemon\SaloonUtils\Logger">
          <metrics complexity="3" methods="1" coveredmethods="1" conditionals="0" coveredconditionals="0" statements="27" coveredstatements="27" elements="28" coveredelements="28"/>
        </class>
        <line num="25" type="method" name="bootLoggerPlugin" visibility="public" complexity="3" crap="3" count="13"/>
        <line num="27" type="stmt" count="13"/>
        <line num="28" type="stmt" count="1"/>
        <line num="31" type="stmt" count="12"/>
        <line num="35" type="stmt" count="12"/>
        <line num="36" type="stmt" count="12"/>
        <line num="37" type="stmt" count="12"/>
        <line num="39" type="stmt" count="5"/>
        <line num="42" type="stmt" count="12"/>
        <line num="43" type="stmt" count="12"/>
        <line num="44" type="stmt" count="12"/>
        <line num="46" type="stmt" count="12"/>
        <line num="47" type="stmt" count="12"/>
        <line num="49" type="stmt" count="12"/>
        <line num="50" type="stmt" count="12"/>
        <line num="51" type="stmt" count="12"/>
        <line num="52" type="stmt" count="12"/>
        <line num="53" type="stmt" count="12"/>
        <line num="54" type="stmt" count="12"/>
        <line num="55" type="stmt" count="12"/>
        <line num="56" type="stmt" count="12"/>
        <line num="57" type="stmt" count="12"/>
        <line num="58" type="stmt" count="12"/>
        <line num="59" type="stmt" count="12"/>
        <line num="60" type="stmt" count="12"/>
        <line num="61" type="stmt" count="12"/>
        <line num="62" type="stmt" count="12"/>
        <line num="63" type="stmt" count="12"/>
        <metrics loc="66" ncloc="62" classes="1" methods="1" coveredmethods="1" conditionals="0" coveredconditionals="0" statements="27" coveredstatements="27" elements="28" coveredelements="28"/>
      </file>
      <file name="/home/runner/work/saloon-utils/saloon-utils/src/Logger/LoggerService.php">
        <class name="HappyDemon\SaloonUtils\Logger\LoggerService" namespace="HappyDemon\SaloonUtils\Logger">
          <metrics complexity="13" methods="5" coveredmethods="4" conditionals="0" coveredconditionals="0" statements="19" coveredstatements="16" elements="24" coveredelements="20"/>
        </class>
        <line num="21" type="method" name="setUpLogger" visibility="public" complexity="2" crap="2" count="11"/>
        <line num="23" type="stmt" count="11"/>
        <line num="24" type="stmt" count="1"/>
        <line num="26" type="stmt" count="1"/>
        <line num="29" type="stmt" count="10"/>
        <line num="32" type="method" name="logRequest" visibility="public" complexity="6" crap="6" count="11"/>
        <line num="34" type="stmt" count="11"/>
        <line num="38" type="stmt" count="11"/>
        <line num="41" type="stmt" count="10"/>
        <line num="43" type="stmt" count="10"/>
        <line num="47" type="stmt" count="11"/>
        <line num="48" type="stmt" count="11"/>
        <line num="51" type="stmt" count="3"/>
        <line num="54" type="stmt" count="10"/>
        <line num="57" type="method" name="logResponse" visibility="public" complexity="2" crap="2" count="11"/>
        <line num="60" type="stmt" count="11"/>
        <line num="61" type="stmt" count="5"/>
        <line num="64" type="stmt" count="8"/>
        <line num="70" type="method" name="logFatalError" visibility="public" complexity="2" crap="6" count="0"/>
        <line num="73" type="stmt" count="0"/>
        <line num="74" type="stmt" count="0"/>
        <line num="77" type="stmt" count="0"/>
        <line num="80" type="method" name="logger" visibility="public" complexity="1" crap="1" count="1"/>
        <line num="82" type="stmt" count="1"/>
        <metrics loc="85" ncloc="75" classes="1" methods="5" coveredmethods="4" conditionals="0" coveredconditionals="0" statements="19" coveredstatements="16" elements="24" coveredelements="20"/>
      </file>
      <file name="/home/runner/work/saloon-utils/saloon-utils/src/Logger/MemoryLogger.php">
        <class name="HappyDemon\SaloonUtils\Logger\MemoryLogger" namespace="HappyDemon\SaloonUtils\Logger">
          <metrics complexity="6" methods="5" coveredmethods="3" conditionals="0" coveredconditionals="0" statements="42" coveredstatements="21" elements="47" coveredelements="24"/>
        </class>
        <line num="22" type="method" name="__construct" visibility="public" complexity="2" crap="2" count="1"/>
        <line num="24" type="stmt" count="1"/>
        <line num="25" type="stmt" count="1"/>
        <line num="26" type="stmt" count="1"/>
        <line num="27" type="stmt" count="1"/>
        <line num="28" type="stmt" count="1"/>
        <line num="31" type="stmt" count="1"/>
        <line num="37" type="method" name="create" visibility="public" complexity="1" crap="1" count="1"/>
        <line num="39" type="stmt" count="1"/>
        <line num="40" type="stmt" count="1"/>
        <line num="41" type="stmt" count="1"/>
        <line num="43" type="stmt" count="1"/>
        <line num="44" type="stmt" count="1"/>
        <line num="45" type="stmt" count="1"/>
        <line num="46" type="stmt" count="1"/>
        <line num="47" type="stmt" count="1"/>
        <line num="48" type="stmt" count="1"/>
        <line num="49" type="stmt" count="1"/>
        <line num="50" type="stmt" count="1"/>
        <line num="51" type="stmt" count="1"/>
        <line num="52" type="stmt" count="1"/>
        <line num="54" type="stmt" count="1"/>
        <line num="62" type="method" name="updateWithResponse" visibility="public" complexity="1" crap="2" count="0"/>
        <line num="64" type="stmt" count="0"/>
        <line num="65" type="stmt" count="0"/>
        <line num="66" type="stmt" count="0"/>
        <line num="67" type="stmt" count="0"/>
        <line num="68" type="stmt" count="0"/>
        <line num="69" type="stmt" count="0"/>
        <line num="71" type="stmt" count="0"/>
        <line num="73" type="stmt" count="0"/>
        <line num="81" type="method" name="updateWithFatalError" visibility="public" complexity="1" crap="2" count="0"/>
        <line num="83" type="stmt" count="0"/>
        <line num="84" type="stmt" count="0"/>
        <line num="85" type="stmt" count="0"/>
        <line num="86" type="stmt" count="0"/>
        <line num="87" type="stmt" count="0"/>
        <line num="88" type="stmt" count="0"/>
        <line num="89" type="stmt" count="0"/>
        <line num="90" type="stmt" count="0"/>
        <line num="91" type="stmt" count="0"/>
        <line num="92" type="stmt" count="0"/>
        <line num="93" type="stmt" count="0"/>
        <line num="95" type="stmt" count="0"/>
        <line num="97" type="stmt" count="0"/>
        <line num="103" type="method" name="logs" visibility="public" complexity="1" crap="1" count="1"/>
        <line num="105" type="stmt" count="1"/>
        <metrics loc="108" ncloc="89" classes="1" methods="5" coveredmethods="3" conditionals="0" coveredconditionals="0" statements="42" coveredstatements="21" elements="47" coveredelements="24"/>
      </file>
      <file name="/home/runner/work/saloon-utils/saloon-utils/src/Logger/SaloonRequest.php">
        <class name="HappyDemon\SaloonUtils\Logger\SaloonRequest" namespace="HappyDemon\SaloonUtils\Logger">
          <metrics complexity="1" methods="1" coveredmethods="1" conditionals="0" coveredconditionals="0" statements="8" coveredstatements="8" elements="9" coveredelements="9"/>
        </class>
        <line num="33" type="method" name="casts" visibility="protected" complexity="1" crap="1" count="2"/>
        <line num="35" type="stmt" count="2"/>
        <line num="36" type="stmt" count="2"/>
        <line num="37" type="stmt" count="2"/>
        <line num="38" type="stmt" count="2"/>
        <line num="39" type="stmt" count="2"/>
        <line num="40" type="stmt" count="2"/>
        <line num="41" type="stmt" count="2"/>
        <line num="42" type="stmt" count="2"/>
        <metrics loc="45" ncloc="35" classes="1" methods="1" coveredmethods="1" conditionals="0" coveredconditionals="0" statements="8" coveredstatements="8" elements="9" coveredelements="9"/>
      </file>
    </package>
    <package name="HappyDemon\SaloonUtils">
      <file name="/home/runner/work/saloon-utils/saloon-utils/src/SaloonUtilsServiceProvider.php">
        <class name="HappyDemon\SaloonUtils\SaloonUtilsServiceProvider" namespace="HappyDemon\SaloonUtils">
          <metrics complexity="5" methods="4" coveredmethods="3" conditionals="0" coveredconditionals="0" statements="18" coveredstatements="14" elements="22" coveredelements="17"/>
        </class>
        <line num="16" type="method" name="boot" visibility="public" complexity="2" crap="2" count="13"/>
        <line num="19" type="stmt" count="13"/>
        <line num="20" type="stmt" count="13"/>
        <line num="27" type="method" name="register" visibility="public" complexity="1" crap="1" count="13"/>
        <line num="29" type="stmt" count="13"/>
        <line num="32" type="stmt" count="13"/>
        <line num="38" type="method" name="provides" visibility="public" complexity="1" crap="2" count="0"/>
        <line num="40" type="stmt" count="0"/>
        <line num="41" type="stmt" count="0"/>
        <line num="42" type="stmt" count="0"/>
        <line num="43" type="stmt" count="0"/>
        <line num="49" type="method" name="bootForConsole" visibility="protected" complexity="1" crap="1" count="13"/>
        <line num="51" type="stmt" count="13"/>
        <line num="52" type="stmt" count="13"/>
        <line num="53" type="stmt" count="13"/>
        <line num="54" type="stmt" count="13"/>
        <line num="55" type="stmt" count="13"/>
        <line num="56" type="stmt" count="13"/>
        <line num="57" type="stmt" count="13"/>
        <line num="58" type="stmt" count="13"/>
        <line num="59" type="stmt" count="13"/>
        <line num="60" type="stmt" count="13"/>
        <metrics loc="66" ncloc="50" classes="1" methods="4" coveredmethods="3" conditionals="0" coveredconditionals="0" statements="18" coveredstatements="14" elements="22" coveredelements="17"/>
      </file>
    </package>
    <metrics files="10" loc="492" ncloc="410" classes="6" methods="19" coveredmethods="14" conditionals="0" coveredconditionals="0" statements="141" coveredstatements="101" elements="160" coveredelements="115"/>
  </project>
</coverage>
